d:\uab\problemas visual studio\mp\damasalumnos  porclases\damas\debug\vc141.pdb
d:\uab\problemas visual studio\mp\damasalumnos  porclases\damas\debug\vc141.idb
d:\uab\problemas visual studio\mp\damasalumnos  porclases\damas\debug\tauler.obj
d:\uab\problemas visual studio\mp\damasalumnos  porclases\damas\debug\partida.obj
d:\uab\problemas visual studio\mp\damasalumnos  porclases\damas\debug\video.obj
d:\uab\problemas visual studio\mp\damasalumnos  porclases\damas\debug\stb_vorbis.obj
d:\uab\problemas visual studio\mp\damasalumnos  porclases\damas\debug\sprites.obj
d:\uab\problemas visual studio\mp\damasalumnos  porclases\damas\debug\sound.obj
d:\uab\problemas visual studio\mp\damasalumnos  porclases\damas\debug\mouse.obj
d:\uab\problemas visual studio\mp\damasalumnos  porclases\damas\debug\keyboard.obj
d:\uab\problemas visual studio\mp\damasalumnos  porclases\damas\debug\image_png.obj
d:\uab\problemas visual studio\mp\damasalumnos  porclases\damas\debug\debug.obj
d:\uab\problemas visual studio\mp\damasalumnos  porclases\damas\debug\joc.obj
d:\uab\problemas visual studio\mp\damasalumnos  porclases\damas\debug\damas.obj
d:\uab\problemas visual studio\mp\damasalumnos  porclases\program\damas.exe
d:\uab\problemas visual studio\mp\damasalumnos  porclases\program\damas.ilk
d:\uab\problemas visual studio\mp\damasalumnos  porclases\program\damas.pdb
d:\uab\problemas visual studio\mp\damasalumnos  porclases\\program\damas.pdb
d:\uab\problemas visual studio\mp\damasalumnos  porclases\\program\damas.exe
d:\uab\problemas visual studio\mp\damasalumnos  porclases\\program\damas.ilk
d:\uab\problemas visual studio\mp\damasalumnos  porclases\damas\debug\damas.tlog\cl.command.1.tlog
d:\uab\problemas visual studio\mp\damasalumnos  porclases\damas\debug\damas.tlog\cl.read.1.tlog
d:\uab\problemas visual studio\mp\damasalumnos  porclases\damas\debug\damas.tlog\cl.write.1.tlog
d:\uab\problemas visual studio\mp\damasalumnos  porclases\damas\debug\damas.tlog\link.command.1.tlog
d:\uab\problemas visual studio\mp\damasalumnos  porclases\damas\debug\damas.tlog\link.read.1.tlog
d:\uab\problemas visual studio\mp\damasalumnos  porclases\damas\debug\damas.tlog\link.write.1.tlog
